<?xml version="1.0" encoding="UTF-8"?>
<!-- Generated by org.testng.reporters.JUnitReportReporter -->
<testsuite hostname="ashnove" failures="0" tests="2" name="ui.LoginTest" time="0.016" errors="0" timestamp="2021-10-19T11:07:43 IST" skipped="0">
  <testcase classname="ui.LoginTest" name="bloginTest" time="0.015"/>
  <system-out/>
  <testcase classname="ui.LoginTest" name="alogoutTest" time="0.001"/>
  <system-out/>
</testsuite> <!-- ui.LoginTest -->
