<?xml version="1.0" encoding="UTF-8"?>
<!-- Generated by org.testng.reporters.JUnitReportReporter -->
<testsuite hostname="ashnove" failures="0" tests="1" name="ui.NewTest" time="138.894" errors="0" timestamp="2021-10-19T14:16:45 IST" skipped="0">
  <testcase classname="ui.NewTest" name="openMyBlog" time="138.894"/>
  <system-out/>
</testsuite> <!-- ui.NewTest -->
